{"__type":"$$EventMessageAudit","id":"a79a778d-f3ad-4c48-8eab-b9421be66088","ts":"2025-09-23T14:33:21.934+00:00","eventName":"n8n.audit.workflow.created","message":"n8n.audit.workflow.created","payload":{"userId":"2342d41d-f7f2-43d5-88e8-06a175e36db6","_email":"leonardobaldez.contato@gmail.com","_firstName":"Leonardo","_lastName":"Baldez Gomes da Silva","globalRole":"global:owner","workflowId":"6C54sif4Q9XmNiQl","workflowName":"My workflow"}}
{"__type":"$$EventMessageConfirm","confirm":"a79a778d-f3ad-4c48-8eab-b9421be66088","ts":"2025-09-23T14:33:21.958+00:00","source":{"id":"0","name":"eventBus"}}
{"__type":"$$EventMessageWorkflow","id":"65fc589c-cef9-4eae-8880-7e2398cec86b","ts":"2025-09-23T14:33:22.115+00:00","eventName":"n8n.workflow.started","message":"n8n.workflow.started","payload":{"executionId":"1","workflowId":"6C54sif4Q9XmNiQl","isManual":false,"workflowName":"My workflow"}}
{"__type":"$$EventMessageConfirm","confirm":"65fc589c-cef9-4eae-8880-7e2398cec86b","ts":"2025-09-23T14:33:22.115+00:00","source":{"id":"0","name":"eventBus"}}
{"__type":"$$EventMessageNode","id":"935052c8-c5dd-4c47-bd00-2b8a1e024e53","ts":"2025-09-23T14:33:22.117+00:00","eventName":"n8n.node.started","message":"n8n.node.started","payload":{"workflowId":"6C54sif4Q9XmNiQl","workflowName":"My workflow","executionId":"1","nodeType":"n8n-nodes-base.manualTrigger","nodeName":"When clicking ‘Test workflow’"}}
{"__type":"$$EventMessageConfirm","confirm":"935052c8-c5dd-4c47-bd00-2b8a1e024e53","ts":"2025-09-23T14:33:22.117+00:00","source":{"id":"0","name":"eventBus"}}
{"__type":"$$EventMessageNode","id":"5a8dc989-858f-4d9e-b4ea-38e104757269","ts":"2025-09-23T14:33:22.123+00:00","eventName":"n8n.node.finished","message":"n8n.node.finished","payload":{"workflowId":"6C54sif4Q9XmNiQl","workflowName":"My workflow","executionId":"1","nodeType":"n8n-nodes-base.manualTrigger","nodeName":"When clicking ‘Test workflow’"}}
{"__type":"$$EventMessageConfirm","confirm":"5a8dc989-858f-4d9e-b4ea-38e104757269","ts":"2025-09-23T14:33:22.123+00:00","source":{"id":"0","name":"eventBus"}}
{"__type":"$$EventMessageNode","id":"ca498a99-db85-42aa-baa7-632054bbb978","ts":"2025-09-23T14:33:22.124+00:00","eventName":"n8n.node.started","message":"n8n.node.started","payload":{"workflowId":"6C54sif4Q9XmNiQl","workflowName":"My workflow","executionId":"1","nodeType":"CUSTOM.random","nodeName":"Random"}}
{"__type":"$$EventMessageConfirm","confirm":"ca498a99-db85-42aa-baa7-632054bbb978","ts":"2025-09-23T14:33:22.124+00:00","source":{"id":"0","name":"eventBus"}}
{"__type":"$$EventMessageNode","id":"79af4eca-4cde-42c3-91d0-221952c16a80","ts":"2025-09-23T14:33:22.131+00:00","eventName":"n8n.node.finished","message":"n8n.node.finished","payload":{"workflowId":"6C54sif4Q9XmNiQl","workflowName":"My workflow","executionId":"1","nodeType":"CUSTOM.random","nodeName":"Random"}}
{"__type":"$$EventMessageConfirm","confirm":"79af4eca-4cde-42c3-91d0-221952c16a80","ts":"2025-09-23T14:33:22.131+00:00","source":{"id":"0","name":"eventBus"}}
{"__type":"$$EventMessageWorkflow","id":"6a5a2e37-6205-42b4-aaff-fcb56a74fe35","ts":"2025-09-23T14:33:22.138+00:00","eventName":"n8n.workflow.success","message":"n8n.workflow.success","payload":{"executionId":"1","userId":"2342d41d-f7f2-43d5-88e8-06a175e36db6","success":true,"isManual":true,"workflowId":"6C54sif4Q9XmNiQl","workflowName":"My workflow"}}
{"__type":"$$EventMessageConfirm","confirm":"6a5a2e37-6205-42b4-aaff-fcb56a74fe35","ts":"2025-09-23T14:33:22.139+00:00","source":{"id":"0","name":"eventBus"}}
{"__type":"$$EventMessageWorkflow","id":"e3ae4a52-7c82-40b4-b2f8-3283f674474e","ts":"2025-09-23T15:42:27.908+00:00","eventName":"n8n.workflow.started","message":"n8n.workflow.started","payload":{"executionId":"2","workflowId":"6C54sif4Q9XmNiQl","isManual":false,"workflowName":"My workflow"}}
{"__type":"$$EventMessageConfirm","confirm":"e3ae4a52-7c82-40b4-b2f8-3283f674474e","ts":"2025-09-23T15:42:27.908+00:00","source":{"id":"0","name":"eventBus"}}
{"__type":"$$EventMessageNode","id":"10f205fe-25fc-4813-924f-74488e08a8b6","ts":"2025-09-23T15:42:27.909+00:00","eventName":"n8n.node.started","message":"n8n.node.started","payload":{"workflowId":"6C54sif4Q9XmNiQl","workflowName":"My workflow","executionId":"2","nodeType":"CUSTOM.random","nodeName":"Random"}}
{"__type":"$$EventMessageConfirm","confirm":"10f205fe-25fc-4813-924f-74488e08a8b6","ts":"2025-09-23T15:42:27.909+00:00","source":{"id":"0","name":"eventBus"}}
{"__type":"$$EventMessageNode","id":"d4b3e44d-2339-40d0-b46e-35299824cf84","ts":"2025-09-23T15:42:27.912+00:00","eventName":"n8n.node.finished","message":"n8n.node.finished","payload":{"workflowId":"6C54sif4Q9XmNiQl","workflowName":"My workflow","executionId":"2","nodeType":"CUSTOM.random","nodeName":"Random"}}
{"__type":"$$EventMessageConfirm","confirm":"d4b3e44d-2339-40d0-b46e-35299824cf84","ts":"2025-09-23T15:42:27.912+00:00","source":{"id":"0","name":"eventBus"}}
{"__type":"$$EventMessageWorkflow","id":"732713ae-04e7-4897-8e85-40e1b632cbb0","ts":"2025-09-23T15:42:27.916+00:00","eventName":"n8n.workflow.success","message":"n8n.workflow.success","payload":{"executionId":"2","userId":"2342d41d-f7f2-43d5-88e8-06a175e36db6","success":true,"isManual":true,"workflowId":"6C54sif4Q9XmNiQl","workflowName":"My workflow"}}
{"__type":"$$EventMessageConfirm","confirm":"732713ae-04e7-4897-8e85-40e1b632cbb0","ts":"2025-09-23T15:42:27.916+00:00","source":{"id":"0","name":"eventBus"}}
{"__type":"$$EventMessageWorkflow","id":"3a87c5c2-908a-4cec-9287-8bb2b0ce2f45","ts":"2025-09-23T15:42:43.408+00:00","eventName":"n8n.workflow.started","message":"n8n.workflow.started","payload":{"executionId":"3","workflowId":"6C54sif4Q9XmNiQl","isManual":false,"workflowName":"My workflow"}}
{"__type":"$$EventMessageConfirm","confirm":"3a87c5c2-908a-4cec-9287-8bb2b0ce2f45","ts":"2025-09-23T15:42:43.408+00:00","source":{"id":"0","name":"eventBus"}}
{"__type":"$$EventMessageNode","id":"0c4e5f0e-983b-43b6-a267-78297290c392","ts":"2025-09-23T15:42:43.409+00:00","eventName":"n8n.node.started","message":"n8n.node.started","payload":{"workflowId":"6C54sif4Q9XmNiQl","workflowName":"My workflow","executionId":"3","nodeType":"CUSTOM.random","nodeName":"Random"}}
{"__type":"$$EventMessageConfirm","confirm":"0c4e5f0e-983b-43b6-a267-78297290c392","ts":"2025-09-23T15:42:43.409+00:00","source":{"id":"0","name":"eventBus"}}
{"__type":"$$EventMessageNode","id":"226917b0-c657-4f76-a08c-030b86234eb7","ts":"2025-09-23T15:42:43.410+00:00","eventName":"n8n.node.finished","message":"n8n.node.finished","payload":{"workflowId":"6C54sif4Q9XmNiQl","workflowName":"My workflow","executionId":"3","nodeType":"CUSTOM.random","nodeName":"Random"}}
{"__type":"$$EventMessageConfirm","confirm":"226917b0-c657-4f76-a08c-030b86234eb7","ts":"2025-09-23T15:42:43.410+00:00","source":{"id":"0","name":"eventBus"}}
{"__type":"$$EventMessageWorkflow","id":"02ea9045-f3e5-4d9b-a32f-966695c92e1e","ts":"2025-09-23T15:42:43.415+00:00","eventName":"n8n.workflow.success","message":"n8n.workflow.success","payload":{"executionId":"3","userId":"2342d41d-f7f2-43d5-88e8-06a175e36db6","success":true,"isManual":true,"workflowId":"6C54sif4Q9XmNiQl","workflowName":"My workflow"}}
{"__type":"$$EventMessageConfirm","confirm":"02ea9045-f3e5-4d9b-a32f-966695c92e1e","ts":"2025-09-23T15:42:43.415+00:00","source":{"id":"0","name":"eventBus"}}
